{"C:\\xampp\\htdocs\\Tendencias_DevOps\\apis_App\\script.js": {"path":"C:\\xampp\\htdocs\\Tendencias_DevOps\\apis_App\\script.js","statementMap":{"0":{"start":{"line":2,"column":4},"end":{"line":2,"column":119}},"1":{"start":{"line":6,"column":4},"end":{"line":6,"column":110}},"2":{"start":{"line":10,"column":4},"end":{"line":10,"column":109}},"3":{"start":{"line":15,"column":4},"end":{"line":36,"column":11}},"4":{"start":{"line":16,"column":26},"end":{"line":16,"column":41}},"5":{"start":{"line":20,"column":16},"end":{"line":20,"column":55}},"6":{"start":{"line":22,"column":26},"end":{"line":22,"column":40}},"7":{"start":{"line":24,"column":12},"end":{"line":30,"column":13}},"8":{"start":{"line":26,"column":16},"end":{"line":27,"column":71}},"9":{"start":{"line":29,"column":16},"end":{"line":29,"column":23}},"10":{"start":{"line":32,"column":12},"end":{"line":35,"column":14}},"11":{"start":{"line":41,"column":4},"end":{"line":64,"column":11}},"12":{"start":{"line":42,"column":26},"end":{"line":42,"column":41}},"13":{"start":{"line":46,"column":16},"end":{"line":46,"column":53}},"14":{"start":{"line":48,"column":12},"end":{"line":54,"column":13}},"15":{"start":{"line":50,"column":16},"end":{"line":51,"column":71}},"16":{"start":{"line":53,"column":16},"end":{"line":53,"column":23}},"17":{"start":{"line":56,"column":26},"end":{"line":56,"column":38}},"18":{"start":{"line":58,"column":12},"end":{"line":63,"column":14}},"19":{"start":{"line":69,"column":4},"end":{"line":88,"column":11}},"20":{"start":{"line":70,"column":26},"end":{"line":70,"column":41}},"21":{"start":{"line":74,"column":16},"end":{"line":74,"column":54}},"22":{"start":{"line":76,"column":12},"end":{"line":80,"column":13}},"23":{"start":{"line":77,"column":16},"end":{"line":78,"column":71}},"24":{"start":{"line":79,"column":16},"end":{"line":79,"column":23}},"25":{"start":{"line":82,"column":12},"end":{"line":87,"column":14}},"26":{"start":{"line":92,"column":4},"end":{"line":92,"column":27}},"27":{"start":{"line":93,"column":4},"end":{"line":93,"column":40}},"28":{"start":{"line":94,"column":4},"end":{"line":94,"column":42}},"29":{"start":{"line":97,"column":0},"end":{"line":119,"column":3}},"30":{"start":{"line":99,"column":4},"end":{"line":99,"column":26}},"31":{"start":{"line":100,"column":4},"end":{"line":100,"column":25}},"32":{"start":{"line":101,"column":4},"end":{"line":101,"column":30}},"33":{"start":{"line":103,"column":23},"end":{"line":103,"column":60}},"34":{"start":{"line":105,"column":4},"end":{"line":117,"column":7}},"35":{"start":{"line":107,"column":8},"end":{"line":107,"column":31}},"36":{"start":{"line":110,"column":12},"end":{"line":110,"column":63}},"37":{"start":{"line":112,"column":8},"end":{"line":114,"column":9}},"38":{"start":{"line":113,"column":12},"end":{"line":113,"column":19}},"39":{"start":{"line":116,"column":8},"end":{"line":116,"column":34}},"40":{"start":{"line":121,"column":0},"end":{"line":128,"column":1}},"41":{"start":{"line":122,"column":4},"end":{"line":127,"column":6}}},"fnMap":{"0":{"name":"obtenerExchangeUrl","decl":{"start":{"line":1,"column":9},"end":{"line":1,"column":27}},"loc":{"start":{"line":1,"column":36},"end":{"line":3,"column":1}},"line":1},"1":{"name":"obtenerMarketUrl","decl":{"start":{"line":5,"column":9},"end":{"line":5,"column":25}},"loc":{"start":{"line":5,"column":35},"end":{"line":7,"column":1}},"line":5},"2":{"name":"obtenerWeatherUrl","decl":{"start":{"line":9,"column":9},"end":{"line":9,"column":26}},"loc":{"start":{"line":9,"column":35},"end":{"line":11,"column":1}},"line":9},"3":{"name":"cargarExchange","decl":{"start":{"line":13,"column":9},"end":{"line":13,"column":23}},"loc":{"start":{"line":13,"column":32},"end":{"line":37,"column":1}},"line":13},"4":{"name":"(anonymous_4)","decl":{"start":{"line":16,"column":14},"end":{"line":16,"column":15}},"loc":{"start":{"line":16,"column":26},"end":{"line":16,"column":41}},"line":16},"5":{"name":"(anonymous_5)","decl":{"start":{"line":17,"column":14},"end":{"line":17,"column":15}},"loc":{"start":{"line":17,"column":22},"end":{"line":36,"column":9}},"line":17},"6":{"name":"cargarMarket","decl":{"start":{"line":39,"column":9},"end":{"line":39,"column":21}},"loc":{"start":{"line":39,"column":31},"end":{"line":65,"column":1}},"line":39},"7":{"name":"(anonymous_7)","decl":{"start":{"line":42,"column":14},"end":{"line":42,"column":15}},"loc":{"start":{"line":42,"column":26},"end":{"line":42,"column":41}},"line":42},"8":{"name":"(anonymous_8)","decl":{"start":{"line":43,"column":14},"end":{"line":43,"column":15}},"loc":{"start":{"line":43,"column":22},"end":{"line":64,"column":9}},"line":43},"9":{"name":"cargarWeather","decl":{"start":{"line":67,"column":9},"end":{"line":67,"column":22}},"loc":{"start":{"line":67,"column":31},"end":{"line":89,"column":1}},"line":67},"10":{"name":"(anonymous_10)","decl":{"start":{"line":70,"column":14},"end":{"line":70,"column":15}},"loc":{"start":{"line":70,"column":26},"end":{"line":70,"column":41}},"line":70},"11":{"name":"(anonymous_11)","decl":{"start":{"line":71,"column":14},"end":{"line":71,"column":15}},"loc":{"start":{"line":71,"column":22},"end":{"line":88,"column":9}},"line":71},"12":{"name":"realizarBusqueda","decl":{"start":{"line":91,"column":9},"end":{"line":91,"column":25}},"loc":{"start":{"line":91,"column":35},"end":{"line":95,"column":1}},"line":91},"13":{"name":"(anonymous_13)","decl":{"start":{"line":97,"column":46},"end":{"line":97,"column":47}},"loc":{"start":{"line":97,"column":52},"end":{"line":119,"column":1}},"line":97},"14":{"name":"(anonymous_14)","decl":{"start":{"line":105,"column":42},"end":{"line":105,"column":43}},"loc":{"start":{"line":105,"column":53},"end":{"line":117,"column":5}},"line":105}},"branchMap":{"0":{"loc":{"start":{"line":24,"column":12},"end":{"line":30,"column":13}},"type":"if","locations":[{"start":{"line":24,"column":12},"end":{"line":30,"column":13}},{"start":{},"end":{}}],"line":24},"1":{"loc":{"start":{"line":24,"column":16},"end":{"line":24,"column":51}},"type":"binary-expr","locations":[{"start":{"line":24,"column":16},"end":{"line":24,"column":28}},{"start":{"line":24,"column":32},"end":{"line":24,"column":51}}],"line":24},"2":{"loc":{"start":{"line":48,"column":12},"end":{"line":54,"column":13}},"type":"if","locations":[{"start":{"line":48,"column":12},"end":{"line":54,"column":13}},{"start":{},"end":{}}],"line":48},"3":{"loc":{"start":{"line":48,"column":16},"end":{"line":48,"column":52}},"type":"binary-expr","locations":[{"start":{"line":48,"column":16},"end":{"line":48,"column":26}},{"start":{"line":48,"column":30},"end":{"line":48,"column":52}}],"line":48},"4":{"loc":{"start":{"line":76,"column":12},"end":{"line":80,"column":13}},"type":"if","locations":[{"start":{"line":76,"column":12},"end":{"line":80,"column":13}},{"start":{},"end":{}}],"line":76},"5":{"loc":{"start":{"line":112,"column":8},"end":{"line":114,"column":9}},"type":"if","locations":[{"start":{"line":112,"column":8},"end":{"line":114,"column":9}},{"start":{},"end":{}}],"line":112},"6":{"loc":{"start":{"line":121,"column":0},"end":{"line":128,"column":1}},"type":"if","locations":[{"start":{"line":121,"column":0},"end":{"line":128,"column":1}},{"start":{},"end":{}}],"line":121}},"s":{"0":1,"1":1,"2":1,"3":0,"4":0,"5":0,"6":0,"7":0,"8":0,"9":0,"10":0,"11":0,"12":0,"13":0,"14":0,"15":0,"16":0,"17":0,"18":0,"19":1,"20":0,"21":0,"22":0,"23":0,"24":0,"25":0,"26":1,"27":0,"28":0,"29":1,"30":0,"31":0,"32":0,"33":0,"34":0,"35":0,"36":0,"37":0,"38":0,"39":0,"40":1,"41":1},"f":{"0":1,"1":1,"2":1,"3":0,"4":0,"5":0,"6":0,"7":0,"8":0,"9":1,"10":0,"11":0,"12":1,"13":0,"14":0},"b":{"0":[0,0],"1":[0,0],"2":[0,0],"3":[0,0],"4":[0,0],"5":[0,0],"6":[1,0]},"_coverageSchema":"1a1c01bbd47fc00a2c39e90264f33305004495a9","hash":"cc8ae4cb3f9b3a573107140838c6892ba1241b91"}
}
