TN:
SF:apis_App\script.js
FN:1,obtenerExchangeUrl
FN:5,obtenerMarketUrl
FN:9,obtenerWeatherUrl
FN:13,cargarExchange
FN:16,(anonymous_4)
FN:17,(anonymous_5)
FN:39,cargarMarket
FN:42,(anonymous_7)
FN:43,(anonymous_8)
FN:67,cargarWeather
FN:70,(anonymous_10)
FN:71,(anonymous_11)
FN:91,realizarBusqueda
FN:97,(anonymous_13)
FN:105,(anonymous_14)
FNF:15
FNH:5
FNDA:1,obtenerExchangeUrl
FNDA:1,obtenerMarketUrl
FNDA:1,obtenerWeatherUrl
FNDA:0,cargarExchange
FNDA:0,(anonymous_4)
FNDA:0,(anonymous_5)
FNDA:0,cargarMarket
FNDA:0,(anonymous_7)
FNDA:0,(anonymous_8)
FNDA:1,cargarWeather
FNDA:0,(anonymous_10)
FNDA:0,(anonymous_11)
FNDA:1,realizarBusqueda
FNDA:0,(anonymous_13)
FNDA:0,(anonymous_14)
DA:2,1
DA:6,1
DA:10,1
DA:15,0
DA:16,0
DA:20,0
DA:22,0
DA:24,0
DA:26,0
DA:29,0
DA:32,0
DA:41,0
DA:42,0
DA:46,0
DA:48,0
DA:50,0
DA:53,0
DA:56,0
DA:58,0
DA:69,1
DA:70,0
DA:74,0
DA:76,0
DA:77,0
DA:79,0
DA:82,0
DA:92,1
DA:93,0
DA:94,0
DA:97,1
DA:99,0
DA:100,0
DA:101,0
DA:103,0
DA:105,0
DA:107,0
DA:110,0
DA:112,0
DA:113,0
DA:116,0
DA:121,1
DA:122,1
LF:42
LH:8
BRDA:24,0,0,0
BRDA:24,0,1,0
BRDA:24,1,0,0
BRDA:24,1,1,0
BRDA:48,2,0,0
BRDA:48,2,1,0
BRDA:48,3,0,0
BRDA:48,3,1,0
BRDA:76,4,0,0
BRDA:76,4,1,0
BRDA:112,5,0,0
BRDA:112,5,1,0
BRDA:121,6,0,1
BRDA:121,6,1,0
BRF:14
BRH:1
end_of_record
